       1                                ;
       2                                ;    **************************************
       3                                ;    * Simulate various Move instruction 
       4                                ;    * addressing modes
       5                                ;    **************************************
       6                                ;
       7 000000 000055                  A1: .WORD 55
       8 000002 000040                  A2: .WORD 40
       9 000004 000022                  A3: .WORD 22
      10                                
      11                                ; source op varies but destn op is always a reg mode
      12                                START:
      13 000006 022727  000002  000002  	CMP #2, #2
      14 000014 022727  000006  000003  	CMP #6, #3
      15 000022 022727  000004  177776  	CMP #4, #-2
      16 000030 022727  000004  177773  	CMP #4, #-5
      17 000036 022727  000005  000007  	CMP #5, #7
      18 000044 022727  177775  000002  	CMP #-3, #2
      19 000052 022727  177776  177773  	CMP #-2, #-5
      20 000060 022727  177774  000006  	CMP #-4, #6
      21 000066 022727  077777  177777  	CMP #077777, #-1
      22 000074 022727  100000  177777  	CMP #100000, #-1
      23 000102 022727  100000  000001  	CMP #100000, #1
      24 000110 000000                  	HALT
      25                                	.END START 	
      25                                
