       1                                ;
       2                                ;    **************************************
       3                                ;    * Simulate various Move instruction 
       4                                ;    * DEFERRED addressing modes
       5                                ;    **************************************
       6                                ;
       7                                ;  Create a array of pointers for deferred indexing
       8                                    .PSECT PTR,ABS
       9 001000                             .=1000
      10 001000 000500                  A1: .WORD 500
      11 001002 000502                  A2: .WORD 502
      12 001004 000504                  A3: .WORD 504
      13 001006 000506                  A4: .WORD 506
      14 001010 000510                  A5: .WORD 510
      15 001012 000512                  A6: .WORD 512
      16 001014 000514                  A7: .WORD 514
      17                                    .END PTR
      18                                
      19                                ;  Array to be indexed
      20                                	.PSECT ARRAY2, ABS
      21 000500                         	.=500
      22 000500 065420                  B1: .WORD 065420
      23 000502 065421                  B2: .WORD 065421
      24 000504 065422                  B3: .WORD 065422
      25 000506 125423                  B4: .WORD 125423
      26 000510 125424                  B5: .WORD 125424
      27 000512 125425                  B6: .WORD 125425
      28 000514 125426                  B7: .WORD 125426
      29                                	.END ARRAY2
      30                                
      31                                ; source op varies but destn op is always a reg mode
      32                                
      33                                	.ENABL AMA
      34                                	.PSECT A,ABS
      35 002000                         	.=2000
      36                                START:
      37 002000 012704  001014          	MOV #A7, r4     ; initialize the ptr array ref, SP=1014
      38 002004 063754  001004          	ADD @#A3, @-(r4) ; [B6]->[B6] + [A3] = 125425+504=126131
      39 002010 063754  000504          	ADD @#B3, @-(r4) ; [B5]->[B5] + [B3] = 125424+065422=213046
      40 002014 000000                  	HALT           ; halt
      41                                	.END START 	
      42                                
      43                                
      43                                
